     LAI     FVC       EMM      Ro(1)     Ro(2)     Ro(3)     Ro(4)     Ro(5)     Ro(6)     Ro(7)    Rad 1     Rad 2     Rad 3     Rad 4     Rad 5     Rad 6     Rad 7    T bright 

    0.00   0.00000   0.92000   0.10300   0.15200   0.19800   0.25600   0.38600   0.36800   0.08000  36.42188  48.29117  55.24173  49.14501  15.31668   5.90366   8.51673  17.96182
    0.25   0.11554   0.94307   0.08087   0.12530   0.15290   0.27008   0.35494   0.30989   0.05693  28.59494  39.80983  42.65934  51.84821  14.08437   4.97151   8.32971  16.73137
    0.50   0.21772   0.95900   0.06441   0.10467   0.11887   0.28480   0.32643   0.26107   0.04100  22.77631  33.25440  33.16550  54.67395  12.95307   4.18829   8.17019  15.66817
    0.75   0.30811   0.97000   0.05217   0.08878   0.09321   0.30001   0.30100   0.22071   0.03000  18.44770  28.20586  26.00444  57.59437  11.94380   3.54089   8.03541  14.75965
    1.00   0.38804   0.97759   0.04306   0.07658   0.07385   0.31554   0.27878   0.18776   0.02241  15.22509  24.32906  20.60304  60.57504  11.06219   3.01233   7.92227  13.98960
    1.25   0.45875   0.98283   0.03627   0.06723   0.05924   0.33120   0.25969   0.16112   0.01717  12.82413  21.35941  16.52838  63.58043  10.30454   2.58492   7.82771  13.34073
    1.50   0.52128   0.98645   0.03120   0.06009   0.04822   0.34681   0.24349   0.13974   0.01355  11.03421  19.08979  13.45400  66.57714   9.66183   2.24198   7.74891  12.79622
    1.75   0.57659   0.98895   0.02743   0.05464   0.03991   0.36222   0.22990   0.12270   0.01105   9.69926  17.35905  11.13401  69.53552   9.12247   1.96859   7.68335  12.34053
    2.00   0.62551   0.99067   0.02461   0.05049   0.03363   0.37730   0.21860   0.10919   0.00933   8.70350  16.04235   9.38319  72.43040   8.67397   1.75183   7.62885  11.95983
    2.25   0.66878   0.99186   0.02251   0.04735   0.02890   0.39194   0.20927   0.09853   0.00814   7.96092  15.04328   8.06200  75.24126   8.30406   1.58084   7.58354  11.64207
    2.50   0.70705   0.99268   0.02095   0.04497   0.02532   0.40606   0.20164   0.09016   0.00732   7.40753  14.28757   7.06528  77.95206   8.00119   1.44655   7.54587  11.37693
    2.75   0.74089   0.99325   0.01978   0.04318   0.02263   0.41960   0.19543   0.08361   0.00675   6.99570  13.71810   6.31375  80.55082   7.75496   1.34155   7.51453  11.15568
    3.00   0.77083   0.99364   0.01892   0.04183   0.02060   0.43251   0.19042   0.07852   0.00636   6.68989  13.29104   5.74759  83.02919   7.55614   1.25980   7.48843  10.97103
    3.25   0.79731   0.99391   0.01828   0.04083   0.01907   0.44476   0.18641   0.07457   0.00609   6.46357  12.97275   5.32162  85.38194   7.39674   1.19645   7.46669  10.81688
    3.50   0.82072   0.99409   0.01781   0.04009   0.01793   0.45635   0.18321   0.07152   0.00591   6.29690  12.73749   5.00173  87.60648   7.26989   1.14759   7.44857  10.68819
    3.75   0.84144   0.99422   0.01746   0.03955   0.01707   0.46727   0.18069   0.06919   0.00578   6.17502  12.56554   4.76213  89.70235   7.16979   1.11011   7.43346  10.58076
    4.00   0.85976   0.99431   0.01721   0.03916   0.01643   0.47752   0.17872   0.06741   0.00569   6.08681  12.44184   4.58334  91.67087   7.09156   1.08155   7.42087  10.49115
    4.25   0.87596   0.99437   0.01704   0.03889   0.01595   0.48713   0.17719   0.06606   0.00563   6.02391  12.35488   4.45059  93.51476   7.03114   1.05996   7.41040  10.41649
    4.50   0.89029   0.99442   0.01691   0.03870   0.01560   0.49610   0.17604   0.06506   0.00558   5.98004  12.29584   4.35272  95.23778   6.98516   1.04380   7.40170  10.35443
    4.75   0.90297   0.99444   0.01683   0.03858   0.01535   0.50447   0.17517   0.06431   0.00556   5.95050  12.25803   4.28127  96.84450   6.95085   1.03187   7.39449  10.30300
    5.00   0.91418   0.99446   0.01677   0.03851   0.01516   0.51226   0.17454   0.06377   0.00554   5.93173  12.23631   4.22984  98.34004   6.92594   1.02321   7.38855  10.26058
    5.25   0.92409   0.99448   0.01674   0.03848   0.01503   0.51950   0.17410   0.06339   0.00552   5.92105  12.22678   4.19356  99.72991   6.90856   1.01709   7.38369  10.22581
    5.50   0.93286   0.99449   0.01673   0.03848   0.01494   0.52622   0.17382   0.06313   0.00551   5.91646  12.22647   4.16876 101.01982   6.89723   1.01292   7.37973  10.19755
    5.75   0.94062   0.99449   0.01673   0.03850   0.01488   0.53245   0.17365   0.06296   0.00551   5.91642  12.23310   4.15264 102.21558   6.89070   1.01027   7.37656  10.17486
    6.00   0.94748   0.99450   0.01674   0.03854   0.01485   0.53822   0.17359   0.06287   0.00550   5.91981  12.24495   4.14309 103.32300   6.88799   1.00879   7.37405  10.15693
